#
# There is insufficient memory for the Java Runtime Environment to continue.
# Native memory allocation (malloc) failed to allocate 1990144 bytes for Chunk::new
# Possible reasons:
#   The system is out of physical RAM or swap space
#   In 32 bit mode, the process size limit was hit
# Possible solutions:
#   Reduce memory load on the system
#   Increase physical memory or swap space
#   Check if swap backing store is full
#   Use 64 bit Java on a 64 bit OS
#   Decrease Java heap size (-Xmx/-Xms)
#   Decrease number of Java threads
#   Decrease Java thread stack sizes (-Xss)
#   Set larger code cache with -XX:ReservedCodeCacheSize=
# This output file may be truncated or incomplete.
#
#  Out of Memory Error (allocation.cpp:390), pid=17932, tid=0x000000000000ad98
#
# JRE version: OpenJDK Runtime Environment (8.0_152-b06) (build 1.8.0_152-release-1136-b06)
# Java VM: OpenJDK 64-Bit Server VM (25.152-b06 mixed mode windows-amd64 compressed oops)
# Failed to write core dump. Minidumps are not enabled by default on client versions of Windows
#

---------------  T H R E A D  ---------------

Current thread (0x000000001525f000):  JavaThread "C2 CompilerThread0" daemon [_thread_in_native, id=44440, stack(0x00000000168c0000,0x00000000169c0000)]

Stack: [0x00000000168c0000,0x00000000169c0000]
[error occurred during error reporting (printing stack bounds), id 0xc0000005]

Native frames: (J=compiled Java code, j=interpreted, Vv=VM code, C=native code)


Current CompileTask:
C2:5429569 22349       4       com.android.tools.r8.ir.regalloc.LinearScanRegisterAllocator::computeDebugInfo (1176 bytes)


---------------  P R O C E S S  ---------------

Java Threads: ( => current thread )
  0x0000000018549000 JavaThread "ForkJoinPool.commonPool-worker-0" daemon [_thread_in_Java, id=66324, stack(0x000000002e920000,0x000000002ea20000)]
  0x000000001854c800 JavaThread "ForkJoinPool.commonPool-worker-3" daemon [_thread_in_native, id=2804, stack(0x000000002e820000,0x000000002e920000)]
  0x000000001d8be800 JavaThread "ForkJoinPool.commonPool-worker-2" daemon [_thread_in_native, id=75172, stack(0x000000002e720000,0x000000002e820000)]
  0x000000001d8c5000 JavaThread "Cache worker for Java compile cache (C:\Users\Mr_95\MFiles\2Yandex\Sorts\Code\.gradle\4.6\javaCompile)" [_thread_blocked, id=79028, stack(0x000000002e620000,0x000000002e720000)]
  0x000000001d8bf800 JavaThread "RMI TCP Connection(1)-127.0.0.1" daemon [_thread_in_native, id=3228, stack(0x000000002e520000,0x000000002e620000)]
  0x000000001d8c5800 JavaThread "RMI Reaper" [_thread_blocked, id=39076, stack(0x000000002e420000,0x000000002e520000)]
  0x000000001d8bd000 JavaThread "RMI TCP Accept-0" daemon [_thread_in_native, id=17104, stack(0x000000002e320000,0x000000002e420000)]
  0x000000001d8c4000 JavaThread "GC Daemon" daemon [_thread_blocked, id=47664, stack(0x000000002e220000,0x000000002e320000)]
  0x000000001d8c3000 JavaThread "RMI RenewClean-[127.0.0.1:17131,org.jetbrains.kotlin.daemon.common.LoopbackNetworkInterface$ClientLoopbackSocketFactory@19c206de]" daemon [_thread_blocked, id=51888, stack(0x000000002e120000,0x000000002e220000)]
  0x000000001d8c2800 JavaThread "RMI Scheduler(0)" daemon [_thread_blocked, id=35128, stack(0x000000002e020000,0x000000002e120000)]
  0x000000001d8bb800 JavaThread "stdout" [_thread_in_native, id=51424, stack(0x000000002de20000,0x000000002df20000)]
  0x000000001d8c1000 JavaThread "stderr" [_thread_in_native, id=32484, stack(0x000000002dd20000,0x000000002de20000)]
  0x000000001d8bc800 JavaThread "pool-17-thread-1" [_thread_blocked, id=56468, stack(0x000000002dc20000,0x000000002dd20000)]
  0x000000001b45e000 JavaThread "Task worker for ':' Thread 3" [_thread_blocked, id=9168, stack(0x000000002da20000,0x000000002db20000)]
  0x000000001b45c800 JavaThread "Task worker for ':' Thread 2" [_thread_blocked, id=67788, stack(0x000000002d920000,0x000000002da20000)]
  0x000000001b45b000 JavaThread "Task worker for ':'" [_thread_blocked, id=16124, stack(0x000000002d820000,0x000000002d920000)]
  0x000000001b45c000 JavaThread "Cache worker for Build Output Cleanup Cache (C:\Users\Mr_95\MFiles\2Yandex\Sorts\Code\.gradle\buildOutputCleanup)" [_thread_blocked, id=51816, stack(0x000000002d720000,0x000000002d820000)]
  0x000000001b453000 JavaThread "Cache worker for task history cache (C:\Users\Mr_95\MFiles\2Yandex\Sorts\Code\.gradle\4.6\taskHistory)" [_thread_blocked, id=61892, stack(0x000000002d620000,0x000000002d720000)]
  0x000000001b459800 JavaThread "Cache worker for file content cache (C:\Users\Mr_95\MFiles\2Yandex\Sorts\Code\.gradle\4.6\fileContent)" [_thread_blocked, id=62368, stack(0x000000002d520000,0x000000002d620000)]
  0x000000001b452000 JavaThread "Build operations Thread 4" [_thread_blocked, id=72388, stack(0x000000002d420000,0x000000002d520000)]
  0x000000001b459000 JavaThread "Build operations Thread 3" [_thread_blocked, id=50792, stack(0x000000002d320000,0x000000002d420000)]
  0x000000001b451800 JavaThread "Build operations Thread 2" [_thread_blocked, id=46536, stack(0x000000002d220000,0x000000002d320000)]
  0x000000001b458000 JavaThread "Build operations" [_thread_blocked, id=70480, stack(0x000000002d120000,0x000000002d220000)]
  0x000000001b456800 JavaThread "Cache worker for Artifact transforms cache (C:\Users\Mr_95\.gradle\caches\transforms-1)" [_thread_blocked, id=51716, stack(0x000000002d020000,0x000000002d120000)]
  0x000000001b450800 JavaThread "Cache worker for file hash cache (C:\Users\Mr_95\MFiles\2Yandex\Sorts\Code\.gradle\4.6\fileHashes)" [_thread_blocked, id=67124, stack(0x000000002cf20000,0x000000002d020000)]
  0x000000001b457800 JavaThread "Stdin handler" [_thread_blocked, id=72804, stack(0x000000002ce20000,0x000000002cf20000)]
  0x000000001b44f000 JavaThread "Asynchronous log dispatcher for DefaultDaemonConnection: socket connection from /127.0.0.1:50504 to /127.0.0.1:51147" [_thread_blocked, id=16664, stack(0x000000002cd20000,0x000000002ce20000)]
  0x000000001b456000 JavaThread "Daemon worker Thread 5" [_thread_blocked, id=29516, stack(0x000000002cc20000,0x000000002cd20000)]
  0x000000001b454800 JavaThread "Cancel handler" [_thread_blocked, id=26320, stack(0x000000002cb20000,0x000000002cc20000)]
  0x000000001b453800 JavaThread "Handler for socket connection from /127.0.0.1:50504 to /127.0.0.1:51147" [_thread_in_native, id=50464, stack(0x000000002ca20000,0x000000002cb20000)]
  0x000000001b450000 JavaThread "Daemon Thread 5" [_thread_blocked, id=36492, stack(0x000000002c920000,0x000000002ca20000)]
  0x000000001854c000 JavaThread "Memory manager" [_thread_blocked, id=61272, stack(0x000000001fc80000,0x000000001fd80000)]
  0x0000000018548000 JavaThread "pool-1-thread-1" [_thread_blocked, id=61716, stack(0x000000001f980000,0x000000001fa80000)]
  0x00000000184fa000 JavaThread "File lock request listener" [_thread_in_native, id=3780, stack(0x0000000019d10000,0x0000000019e10000)]
  0x0000000016dcb000 JavaThread "Cache worker for file hash cache (C:\Users\Mr_95\.gradle\caches\4.6\fileHashes)" [_thread_blocked, id=65624, stack(0x0000000019c10000,0x0000000019d10000)]
  0x0000000017454000 JavaThread "Daemon periodic checks" [_thread_blocked, id=14396, stack(0x0000000019110000,0x0000000019210000)]
  0x0000000016be8800 JavaThread "Incoming local TCP Connector on port 50504" [_thread_in_native, id=76352, stack(0x0000000018ed0000,0x0000000018fd0000)]
  0x00000000152be800 JavaThread "Service Thread" daemon [_thread_blocked, id=69652, stack(0x0000000016fc0000,0x00000000170c0000)]
  0x000000001526c800 JavaThread "C1 CompilerThread2" daemon [_thread_blocked, id=19712, stack(0x0000000016ac0000,0x0000000016bc0000)]
  0x0000000015265800 JavaThread "C2 CompilerThread1" daemon [_thread_in_native, id=36344, stack(0x00000000169c0000,0x0000000016ac0000)]
=>0x000000001525f000 JavaThread "C2 CompilerThread0" daemon [_thread_in_native, id=44440, stack(0x00000000168c0000,0x00000000169c0000)]
  0x000000001525d800 JavaThread "Attach Listener" daemon [_thread_blocked, id=32276, stack(0x00000000167c0000,0x00000000168c0000)]
  0x000000001525c000 JavaThread "Signal Dispatcher" daemon [_thread_blocked, id=76296, stack(0x00000000166c0000,0x00000000167c0000)]
  0x0000000002b88000 JavaThread "Finalizer" daemon [_thread_blocked, id=21976, stack(0x00000000164c0000,0x00000000165c0000)]
  0x0000000002b82800 JavaThread "Reference Handler" daemon [_thread_blocked, id=17848, stack(0x00000000163c0000,0x00000000164c0000)]
  0x0000000002a8d800 JavaThread "main" [_thread_blocked, id=6088, stack(0x00000000028d0000,0x00000000029d0000)]

Other Threads:
  0x0000000015225800 VMThread [stack: 0x00000000162c0000,0x00000000163c0000] [id=19328]
  0x0000000016bea800 WatcherThread [stack: 0x00000000170c0000,0x00000000171c0000] [id=40000]

VM state:not at safepoint (normal execution)

VM Mutex/Monitor currently owned by a thread: None

Heap:
 PSYoungGen      total 258048K, used 78725K [0x00000000eab00000, 0x00000000fd700000, 0x0000000100000000)
  eden space 232960K, 25% used [0x00000000eab00000,0x00000000ee4e51f0,0x00000000f8e80000)
  from space 25088K, 77% used [0x00000000fac00000,0x00000000fbefc210,0x00000000fc480000)
  to   space 30208K, 0% used [0x00000000f8e80000,0x00000000f8e80000,0x00000000fac00000)
 ParOldGen       total 124928K, used 57142K [0x00000000c0000000, 0x00000000c7a00000, 0x00000000eab00000)
  object space 124928K, 45% used [0x00000000c0000000,0x00000000c37cdae0,0x00000000c7a00000)
 Metaspace       used 99294K, capacity 103735K, committed 103936K, reserved 1140736K
  class space    used 12479K, capacity 13410K, committed 13568K, reserved 1048576K

Card table byte_map: [0x0000000011f50000,0x0000000012160000] byte_map_base: 0x0000000011950000

Marking Bits: (ParMarkBitMap*) 0x000000005cc85aa0
 Begin Bits: [0x00000000126c0000, 0x00000000136c0000)
 End Bits:   [0x00000000136c0000, 0x00000000146c0000)

Polling page: 0x0000000002830000

CodeCache: size=245760Kb used=62409Kb max_used=62409Kb free=183350Kb
 bounds [0x0000000002b90000, 0x00000000068f0000, 0x0000000011b90000]
 total_blobs=19298 nmethods=18380 adapters=828
 compilation: enabled

Compilation events (10 events):
Event: 5429.491 Thread 0x000000001526c800 22975       2       com.android.tools.r8.ir.conversion.DexBuilder::addFillArrayData (26 bytes)
Event: 5429.491 Thread 0x000000001526c800 nmethod 22975 0x000000000502fa10 code [0x000000000502fb80, 0x000000000502fdb8]
Event: 5429.495 Thread 0x000000001526c800 22976 %     3       com.android.tools.r8.ir.regalloc.RegisterMove::isBlocked @ 7 (122 bytes)
Event: 5429.496 Thread 0x000000001526c800 nmethod 22976% 0x00000000065dfad0 code [0x00000000065dfd40, 0x00000000065e0f28]
Event: 5429.496 Thread 0x000000001526c800 22977 %     3       com.android.tools.r8.ir.code.NextUntilIterator::nextUntil @ 0 (33 bytes)
Event: 5429.496 Thread 0x000000001526c800 nmethod 22977% 0x000000000502f210 code [0x000000000502f3c0, 0x000000000502f8a8]
Event: 5429.496 Thread 0x000000001526c800 22978       3       com.android.tools.r8.ir.regalloc.RegisterMove::isBlocked (122 bytes)
Event: 5429.497 Thread 0x000000001526c800 nmethod 22978 0x00000000061cca90 code [0x00000000061ccd00, 0x00000000061cde28]
Event: 5429.503 Thread 0x000000001526c800 22979       2       com.android.tools.r8.ir.code.DebugLocalsChange::identicalNonValueNonPositionParts (48 bytes)
Event: 5429.503 Thread 0x000000001526c800 nmethod 22979 0x00000000065df5d0 code [0x00000000065df760, 0x00000000065df9b8]

GC Heap History (10 events):
Event: 5425.692 GC heap before
{Heap before GC invocations=34 (full 4):
 PSYoungGen      total 263168K, used 250640K [0x00000000eab00000, 0x00000000fd700000, 0x0000000100000000)
  eden space 232960K, 100% used [0x00000000eab00000,0x00000000f8e80000,0x00000000f8e80000)
  from space 30208K, 58% used [0x00000000f8e80000,0x00000000f9fc43b0,0x00000000fac00000)
  to   space 25088K, 0% used [0x00000000fac00000,0x00000000fac00000,0x00000000fc480000)
 ParOldGen       total 124928K, used 57102K [0x00000000c0000000, 0x00000000c7a00000, 0x00000000eab00000)
  object space 124928K, 45% used [0x00000000c0000000,0x00000000c37c3ae0,0x00000000c7a00000)
 Metaspace       used 99117K, capacity 103511K, committed 103680K, reserved 1138688K
  class space    used 12469K, capacity 13404K, committed 13568K, reserved 1048576K
Event: 5425.708 GC heap after
Heap after GC invocations=34 (full 4):
 PSYoungGen      total 258048K, used 15026K [0x00000000eab00000, 0x00000000fd700000, 0x0000000100000000)
  eden space 232960K, 0% used [0x00000000eab00000,0x00000000eab00000,0x00000000f8e80000)
  from space 25088K, 59% used [0x00000000fac00000,0x00000000fbaac8c8,0x00000000fc480000)
  to   space 30208K, 0% used [0x00000000f8e80000,0x00000000f8e80000,0x00000000fac00000)
 ParOldGen       total 124928K, used 57110K [0x00000000c0000000, 0x00000000c7a00000, 0x00000000eab00000)
  object space 124928K, 45% used [0x00000000c0000000,0x00000000c37c5ae0,0x00000000c7a00000)
 Metaspace       used 99117K, capacity 103511K, committed 103680K, reserved 1138688K
  class space    used 12469K, capacity 13404K, committed 13568K, reserved 1048576K
}
Event: 5426.543 GC heap before
{Heap before GC invocations=35 (full 4):
 PSYoungGen      total 258048K, used 247986K [0x00000000eab00000, 0x00000000fd700000, 0x0000000100000000)
  eden space 232960K, 100% used [0x00000000eab00000,0x00000000f8e80000,0x00000000f8e80000)
  from space 25088K, 59% used [0x00000000fac00000,0x00000000fbaac8c8,0x00000000fc480000)
  to   space 30208K, 0% used [0x00000000f8e80000,0x00000000f8e80000,0x00000000fac00000)
 ParOldGen       total 124928K, used 57110K [0x00000000c0000000, 0x00000000c7a00000, 0x00000000eab00000)
  object space 124928K, 45% used [0x00000000c0000000,0x00000000c37c5ae0,0x00000000c7a00000)
 Metaspace       used 99147K, capacity 103575K, committed 103936K, reserved 1140736K
  class space    used 12470K, capacity 13404K, committed 13568K, reserved 1048576K
Event: 5426.565 GC heap after
Heap after GC invocations=35 (full 4):
 PSYoungGen      total 263168K, used 20237K [0x00000000eab00000, 0x00000000fd700000, 0x0000000100000000)
  eden space 232960K, 0% used [0x00000000eab00000,0x00000000eab00000,0x00000000f8e80000)
  from space 30208K, 66% used [0x00000000f8e80000,0x00000000fa243530,0x00000000fac00000)
  to   space 25088K, 0% used [0x00000000fac00000,0x00000000fac00000,0x00000000fc480000)
 ParOldGen       total 124928K, used 57118K [0x00000000c0000000, 0x00000000c7a00000, 0x00000000eab00000)
  object space 124928K, 45% used [0x00000000c0000000,0x00000000c37c7ae0,0x00000000c7a00000)
 Metaspace       used 99147K, capacity 103575K, committed 103936K, reserved 1140736K
  class space    used 12470K, capacity 13404K, committed 13568K, reserved 1048576K
}
Event: 5427.315 GC heap before
{Heap before GC invocations=36 (full 4):
 PSYoungGen      total 263168K, used 253197K [0x00000000eab00000, 0x00000000fd700000, 0x0000000100000000)
  eden space 232960K, 100% used [0x00000000eab00000,0x00000000f8e80000,0x00000000f8e80000)
  from space 30208K, 66% used [0x00000000f8e80000,0x00000000fa243530,0x00000000fac00000)
  to   space 25088K, 0% used [0x00000000fac00000,0x00000000fac00000,0x00000000fc480000)
 ParOldGen       total 124928K, used 57118K [0x00000000c0000000, 0x00000000c7a00000, 0x00000000eab00000)
  object space 124928K, 45% used [0x00000000c0000000,0x00000000c37c7ae0,0x00000000c7a00000)
 Metaspace       used 99168K, capacity 103639K, committed 103936K, reserved 1140736K
  class space    used 12470K, capacity 13404K, committed 13568K, reserved 1048576K
Event: 5427.342 GC heap after
Heap after GC invocations=36 (full 4):
 PSYoungGen      total 258048K, used 20914K [0x00000000eab00000, 0x00000000fd700000, 0x0000000100000000)
  eden space 232960K, 0% used [0x00000000eab00000,0x00000000eab00000,0x00000000f8e80000)
  from space 25088K, 83% used [0x00000000fac00000,0x00000000fc06c908,0x00000000fc480000)
  to   space 30208K, 0% used [0x00000000f8e80000,0x00000000f8e80000,0x00000000fac00000)
 ParOldGen       total 124928K, used 57126K [0x00000000c0000000, 0x00000000c7a00000, 0x00000000eab00000)
  object space 124928K, 45% used [0x00000000c0000000,0x00000000c37c9ae0,0x00000000c7a00000)
 Metaspace       used 99168K, capacity 103639K, committed 103936K, reserved 1140736K
  class space    used 12470K, capacity 13404K, committed 13568K, reserved 1048576K
}
Event: 5428.130 GC heap before
{Heap before GC invocations=37 (full 4):
 PSYoungGen      total 258048K, used 253874K [0x00000000eab00000, 0x00000000fd700000, 0x0000000100000000)
  eden space 232960K, 100% used [0x00000000eab00000,0x00000000f8e80000,0x00000000f8e80000)
  from space 25088K, 83% used [0x00000000fac00000,0x00000000fc06c908,0x00000000fc480000)
  to   space 30208K, 0% used [0x00000000f8e80000,0x00000000f8e80000,0x00000000fac00000)
 ParOldGen       total 124928K, used 57126K [0x00000000c0000000, 0x00000000c7a00000, 0x00000000eab00000)
  object space 124928K, 45% used [0x00000000c0000000,0x00000000c37c9ae0,0x00000000c7a00000)
 Metaspace       used 99184K, capacity 103641K, committed 103936K, reserved 1140736K
  class space    used 12470K, capacity 13405K, committed 13568K, reserved 1048576K
Event: 5428.154 GC heap after
Heap after GC invocations=37 (full 4):
 PSYoungGen      total 263168K, used 19580K [0x00000000eab00000, 0x00000000fd700000, 0x0000000100000000)
  eden space 232960K, 0% used [0x00000000eab00000,0x00000000eab00000,0x00000000f8e80000)
  from space 30208K, 64% used [0x00000000f8e80000,0x00000000fa19f240,0x00000000fac00000)
  to   space 25088K, 0% used [0x00000000fac00000,0x00000000fac00000,0x00000000fc480000)
 ParOldGen       total 124928K, used 57134K [0x00000000c0000000, 0x00000000c7a00000, 0x00000000eab00000)
  object space 124928K, 45% used [0x00000000c0000000,0x00000000c37cbae0,0x00000000c7a00000)
 Metaspace       used 99184K, capacity 103641K, committed 103936K, reserved 1140736K
  class space    used 12470K, capacity 13405K, committed 13568K, reserved 1048576K
}
Event: 5429.228 GC heap before
{Heap before GC invocations=38 (full 4):
 PSYoungGen      total 263168K, used 252540K [0x00000000eab00000, 0x00000000fd700000, 0x0000000100000000)
  eden space 232960K, 100% used [0x00000000eab00000,0x00000000f8e80000,0x00000000f8e80000)
  from space 30208K, 64% used [0x00000000f8e80000,0x00000000fa19f240,0x00000000fac00000)
  to   space 25088K, 0% used [0x00000000fac00000,0x00000000fac00000,0x00000000fc480000)
 ParOldGen       total 124928K, used 57134K [0x00000000c0000000, 0x00000000c7a00000, 0x00000000eab00000)
  object space 124928K, 45% used [0x00000000c0000000,0x00000000c37cbae0,0x00000000c7a00000)
 Metaspace       used 99281K, capacity 103735K, committed 103936K, reserved 1140736K
  class space    used 12479K, capacity 13410K, committed 13568K, reserved 1048576K
Event: 5429.253 GC heap after
Heap after GC invocations=38 (full 4):
 PSYoungGen      total 258048K, used 19440K [0x00000000eab00000, 0x00000000fd700000, 0x0000000100000000)
  eden space 232960K, 0% used [0x00000000eab00000,0x00000000eab00000,0x00000000f8e80000)
  from space 25088K, 77% used [0x00000000fac00000,0x00000000fbefc210,0x00000000fc480000)
  to   space 30208K, 0% used [0x00000000f8e80000,0x00000000f8e80000,0x00000000fac00000)
 ParOldGen       total 124928K, used 57142K [0x00000000c0000000, 0x00000000c7a00000, 0x00000000eab00000)
  object space 124928K, 45% used [0x00000000c0000000,0x00000000c37cdae0,0x00000000c7a00000)
 Metaspace       used 99281K, capacity 103735K, committed 103936K, reserved 1140736K
  class space    used 12479K, capacity 13410K, committed 13568K, reserved 1048576K
}

Deoptimization events (10 events):
Event: 5427.344 Thread 0x000000001854c800 Uncommon trap: reason=unstable_if action=reinterpret pc=0x0000000005af3fb0 method=com.android.tools.r8.ir.code.Instruction.replaceDebugValue(Lcom/android/tools/r8/ir/code/Value;Lcom/android/tools/r8/ir/code/Value;)V @ 17
Event: 5427.374 Thread 0x000000001854c800 Uncommon trap: reason=bimorphic action=maybe_recompile pc=0x0000000006855644 method=com.android.tools.r8.ir.optimize.CodeRewriter.shortenLiveRangesInsideBlock(Lcom/android/tools/r8/ir/code/BasicBlock;Lcom/android/tools/r8/com/google/common/base/Supplier;L
Event: 5428.308 Thread 0x000000001854c800 Uncommon trap: reason=unstable_if action=reinterpret pc=0x0000000003bb9970 method=com.android.tools.r8.ir.regalloc.RegisterPositions.hasType(ILcom/android/tools/r8/ir/regalloc/RegisterPositions$Type;)Z @ 57
Event: 5428.731 Thread 0x000000001d8be800 Uncommon trap: reason=unstable_if action=reinterpret pc=0x0000000004b344d4 method=java.nio.file.FileTreeWalker.getAttributes(Ljava/nio/file/Path;Z)Ljava/nio/file/attribute/BasicFileAttributes; @ 35
Event: 5428.779 Thread 0x0000000018549000 Uncommon trap: reason=unstable_if action=reinterpret pc=0x00000000068ceea4 method=com.android.tools.r8.ir.optimize.MoveEliminator.shouldBeEliminated(Lcom/android/tools/r8/ir/code/Instruction;)Z @ 155
Event: 5428.997 Thread 0x000000001d8be800 Uncommon trap: reason=class_check action=maybe_recompile pc=0x0000000006795d54 method=com.android.tools.r8.utils.InternalOptions.isGeneratingDexIndexed()Z @ 4
Event: 5428.997 Thread 0x000000001d8be800 Uncommon trap: reason=class_check action=maybe_recompile pc=0x0000000006795d54 method=com.android.tools.r8.utils.InternalOptions.isGeneratingDexIndexed()Z @ 4
Event: 5428.997 Thread 0x000000001d8be800 Uncommon trap: reason=class_check action=maybe_recompile pc=0x0000000006795d54 method=com.android.tools.r8.utils.InternalOptions.isGeneratingDexIndexed()Z @ 4
Event: 5428.998 Thread 0x000000001d8be800 Uncommon trap: reason=class_check action=maybe_recompile pc=0x0000000006795d54 method=com.android.tools.r8.utils.InternalOptions.isGeneratingDexIndexed()Z @ 4
Event: 5429.301 Thread 0x0000000018549000 Uncommon trap: reason=unstable_if action=reinterpret pc=0x0000000004509cb0 method=com.android.tools.r8.org.objectweb.asm.Type.equals(Ljava/lang/Object;)Z @ 94

Classes redefined (0 events):
No events

Internal exceptions (10 events):
Event: 5429.136 Thread 0x000000001d8be800 Exception <a 'sun/nio/fs/WindowsException'> (0x00000000f79b2e58) thrown at [D:\src\AOSP-openjdk-cygwin\jdk8u\hotspot\src\share\vm\prims\jni.cpp, line 709]
Event: 5429.259 Thread 0x000000001d8be800 Exception <a 'sun/nio/fs/WindowsException'> (0x00000000eab45108) thrown at [D:\src\AOSP-openjdk-cygwin\jdk8u\hotspot\src\share\vm\prims\jni.cpp, line 709]
Event: 5429.264 Thread 0x000000001d8be800 Exception <a 'sun/nio/fs/WindowsException'> (0x00000000eab45788) thrown at [D:\src\AOSP-openjdk-cygwin\jdk8u\hotspot\src\share\vm\prims\jni.cpp, line 709]
Event: 5429.264 Thread 0x000000001d8be800 Exception <a 'sun/nio/fs/WindowsException'> (0x00000000eab45f20) thrown at [D:\src\AOSP-openjdk-cygwin\jdk8u\hotspot\src\share\vm\prims\jni.cpp, line 709]
Event: 5429.267 Thread 0x000000001d8be800 Exception <a 'sun/nio/fs/WindowsException'> (0x00000000eab467a0) thrown at [D:\src\AOSP-openjdk-cygwin\jdk8u\hotspot\src\share\vm\prims\jni.cpp, line 709]
Event: 5429.438 Thread 0x000000001854c800 Exception <a 'sun/nio/fs/WindowsException'> (0x00000000eaf78578) thrown at [D:\src\AOSP-openjdk-cygwin\jdk8u\hotspot\src\share\vm\prims\jni.cpp, line 709]
Event: 5429.524 Thread 0x000000001d8be800 Exception <a 'sun/nio/fs/WindowsException'> (0x00000000eabdbd10) thrown at [D:\src\AOSP-openjdk-cygwin\jdk8u\hotspot\src\share\vm\prims\jni.cpp, line 709]
Event: 5429.525 Thread 0x000000001d8be800 Exception <a 'sun/nio/fs/WindowsException'> (0x00000000eabdc370) thrown at [D:\src\AOSP-openjdk-cygwin\jdk8u\hotspot\src\share\vm\prims\jni.cpp, line 709]
Event: 5429.525 Thread 0x000000001d8be800 Exception <a 'sun/nio/fs/WindowsException'> (0x00000000eabdcad0) thrown at [D:\src\AOSP-openjdk-cygwin\jdk8u\hotspot\src\share\vm\prims\jni.cpp, line 709]
Event: 5429.525 Thread 0x000000001d8be800 Exception <a 'sun/nio/fs/WindowsException'> (0x00000000eabdd330) thrown at [D:\src\AOSP-openjdk-cygwin\jdk8u\hotspot\src\share\vm\prims\jni.cpp, line 709]

Events (10 events):
Event: 5429.481 Thread 0x0000000018549000 DEOPT PACKING pc=0x0000000006450e11 sp=0x000000002ea1dc80
Event: 5429.481 Thread 0x0000000018549000 DEOPT UNPACKING pc=0x0000000002bd75d0 sp=0x000000002ea1dab0 mode 0
Event: 5429.497 Thread 0x0000000018549000 DEOPT PACKING pc=0x0000000005a811e1 sp=0x000000002ea1d8a0
Event: 5429.497 Thread 0x0000000018549000 DEOPT UNPACKING pc=0x0000000002bd75d0 sp=0x000000002ea1d618 mode 0
Event: 5429.499 Thread 0x000000001854c800 DEOPT PACKING pc=0x0000000006425ac1 sp=0x000000002e91dd50
Event: 5429.499 Thread 0x000000001854c800 DEOPT UNPACKING pc=0x0000000002bd75d0 sp=0x000000002e91db40 mode 0
Event: 5429.501 Thread 0x0000000018549000 DEOPT PACKING pc=0x00000000063d5f1b sp=0x000000002ea1dbb0
Event: 5429.501 Thread 0x0000000018549000 DEOPT UNPACKING pc=0x0000000002bd75d0 sp=0x000000002ea1da50 mode 0
Event: 5429.503 Thread 0x0000000018549000 DEOPT PACKING pc=0x0000000006095fdf sp=0x000000002ea1dd10
Event: 5429.503 Thread 0x0000000018549000 DEOPT UNPACKING pc=0x0000000002bd75d0 sp=0x000000002ea1dae0 mode 0


Dynamic libraries:
0x00007ff70f910000 - 0x00007ff70f941000 	C:\Program Files\Android\Android Studio\jre\bin\java.exe
0x00007ff9c1c50000 - 0x00007ff9c1e3d000 	C:\WINDOWS\SYSTEM32\ntdll.dll
0x00007ff9c1890000 - 0x00007ff9c1943000 	C:\WINDOWS\System32\KERNEL32.DLL
0x00007ff9be970000 - 0x00007ff9bec03000 	C:\WINDOWS\System32\KERNELBASE.dll
0x00007ff9bee80000 - 0x00007ff9bef23000 	C:\WINDOWS\System32\ADVAPI32.dll
0x00007ff9c17f0000 - 0x00007ff9c188e000 	C:\WINDOWS\System32\msvcrt.dll
0x00007ff9c0bb0000 - 0x00007ff9c0c4e000 	C:\WINDOWS\System32\sechost.dll
0x00007ff9c1af0000 - 0x00007ff9c1c13000 	C:\WINDOWS\System32\RPCRT4.dll
0x00007ff9c1950000 - 0x00007ff9c1ae7000 	C:\WINDOWS\System32\USER32.dll
0x00007ff9becf0000 - 0x00007ff9bed10000 	C:\WINDOWS\System32\win32u.dll
0x00007ff9c1340000 - 0x00007ff9c1369000 	C:\WINDOWS\System32\GDI32.dll
0x00007ff9bdd20000 - 0x00007ff9bdeba000 	C:\WINDOWS\System32\gdi32full.dll
0x00007ff9bed90000 - 0x00007ff9bee30000 	C:\WINDOWS\System32\msvcp_win.dll
0x00007ff9bdec0000 - 0x00007ff9bdfbc000 	C:\WINDOWS\System32\ucrtbase.dll
0x00007ff9a5730000 - 0x00007ff9a59a9000 	C:\WINDOWS\WinSxS\amd64_microsoft.windows.common-controls_6595b64144ccf1df_6.0.17763.107_none_05b63884071e656e\COMCTL32.dll
0x00007ff9c0de0000 - 0x00007ff9c110e000 	C:\WINDOWS\System32\combase.dll
0x00007ff9bed10000 - 0x00007ff9bed8e000 	C:\WINDOWS\System32\bcryptPrimitives.dll
0x00007ff9bf1d0000 - 0x00007ff9bf1fe000 	C:\WINDOWS\System32\IMM32.DLL
0x000000005cda0000 - 0x000000005ce72000 	C:\Program Files\Android\Android Studio\jre\jre\bin\msvcr100.dll
0x000000005c4c0000 - 0x000000005cd01000 	C:\Program Files\Android\Android Studio\jre\jre\bin\server\jvm.dll
0x00007ff9bf3c0000 - 0x00007ff9bf3c8000 	C:\WINDOWS\System32\PSAPI.DLL
0x00007ff9ba200000 - 0x00007ff9ba224000 	C:\WINDOWS\SYSTEM32\WINMM.dll
0x00007ff9b8090000 - 0x00007ff9b809a000 	C:\WINDOWS\SYSTEM32\VERSION.dll
0x00007ff9a9960000 - 0x00007ff9a9969000 	C:\WINDOWS\SYSTEM32\WSOCK32.dll
0x00007ff9c0ae0000 - 0x00007ff9c0b4d000 	C:\WINDOWS\System32\WS2_32.dll
0x00007ff9ba1b0000 - 0x00007ff9ba1dd000 	C:\WINDOWS\SYSTEM32\WINMMBASE.dll
0x00007ff9bee30000 - 0x00007ff9bee7a000 	C:\WINDOWS\System32\cfgmgr32.dll
0x00007ff9b03c0000 - 0x00007ff9b03cf000 	C:\Program Files\Android\Android Studio\jre\jre\bin\verify.dll
0x00007ff9ad840000 - 0x00007ff9ad869000 	C:\Program Files\Android\Android Studio\jre\jre\bin\java.dll
0x00007ff9af3b0000 - 0x00007ff9af3c6000 	C:\Program Files\Android\Android Studio\jre\jre\bin\zip.dll
0x00007ff9bf590000 - 0x00007ff9c0a7f000 	C:\WINDOWS\System32\SHELL32.dll
0x00007ff9bef30000 - 0x00007ff9befd8000 	C:\WINDOWS\System32\shcore.dll
0x00007ff9be040000 - 0x00007ff9be788000 	C:\WINDOWS\System32\windows.storage.dll
0x00007ff9bdcf0000 - 0x00007ff9bdd14000 	C:\WINDOWS\System32\profapi.dll
0x00007ff9bdc90000 - 0x00007ff9bdced000 	C:\WINDOWS\System32\powrprof.dll
0x00007ff9c0b50000 - 0x00007ff9c0ba2000 	C:\WINDOWS\System32\shlwapi.dll
0x00007ff9bdc50000 - 0x00007ff9bdc61000 	C:\WINDOWS\System32\kernel.appcore.dll
0x00007ff9bdfc0000 - 0x00007ff9bdfd7000 	C:\WINDOWS\System32\cryptsp.dll
0x00007ff9ad440000 - 0x00007ff9ad45a000 	C:\Program Files\Android\Android Studio\jre\jre\bin\net.dll
0x00007ff9bd4e0000 - 0x00007ff9bd547000 	C:\WINDOWS\system32\mswsock.dll
0x00007ff9abbe0000 - 0x00007ff9abbf1000 	C:\Program Files\Android\Android Studio\jre\jre\bin\nio.dll
0x00007ff9b0ad0000 - 0x00007ff9b0aee000 	C:\Users\Mr_95\.gradle\native\25\windows-amd64\native-platform.dll
0x00007ff9b03b0000 - 0x00007ff9b03bd000 	C:\Program Files\Android\Android Studio\jre\jre\bin\management.dll
0x00007ff9bd0a0000 - 0x00007ff9bd0d3000 	C:\WINDOWS\system32\rsaenh.dll
0x00007ff9becc0000 - 0x00007ff9bece6000 	C:\WINDOWS\System32\bcrypt.dll
0x00007ff9bdb80000 - 0x00007ff9bdba8000 	C:\WINDOWS\SYSTEM32\USERENV.dll
0x00007ff9bd6b0000 - 0x00007ff9bd6bc000 	C:\WINDOWS\SYSTEM32\CRYPTBASE.dll
0x00007ff9bd240000 - 0x00007ff9bd27d000 	C:\WINDOWS\SYSTEM32\IPHLPAPI.DLL
0x00007ff9bf3d0000 - 0x00007ff9bf3d8000 	C:\WINDOWS\System32\NSI.dll
0x00007ff9b72b0000 - 0x00007ff9b72c6000 	C:\WINDOWS\SYSTEM32\dhcpcsvc6.DLL
0x00007ff9b7260000 - 0x00007ff9b727c000 	C:\WINDOWS\SYSTEM32\dhcpcsvc.DLL
0x00007ff9bd280000 - 0x00007ff9bd346000 	C:\WINDOWS\SYSTEM32\DNSAPI.dll
0x00007ff99b370000 - 0x00007ff99b394000 	C:\Program Files\Android\Android Studio\jre\jre\bin\sunec.dll
0x00007ff9b1550000 - 0x00007ff9b155a000 	C:\Windows\System32\rasadhlp.dll
0x00007ff9b14a0000 - 0x00007ff9b1519000 	C:\WINDOWS\System32\fwpuclnt.dll
0x00007ff9b6880000 - 0x00007ff9b688b000 	C:\Program Files\Android\Android Studio\jre\jre\bin\sunmscapi.dll
0x00007ff9be790000 - 0x00007ff9be96b000 	C:\WINDOWS\System32\CRYPT32.dll
0x00007ff9bdc70000 - 0x00007ff9bdc82000 	C:\WINDOWS\System32\MSASN1.dll
0x00007ff9ba350000 - 0x00007ff9ba36e000 	C:\Users\Mr_95\AppData\Local\Temp\native-platform3303620499775425337dir\native-platform.dll
0x00007ff9ba680000 - 0x00007ff9ba70c000 	C:\WINDOWS\system32\apphelp.dll

VM Arguments:
jvm_args: -Xmx1024m -Dfile.encoding=windows-1252 -Duser.country=US -Duser.language=en -Duser.variant 
java_command: org.gradle.launcher.daemon.bootstrap.GradleDaemon 4.6
java_class_path (initial): C:\Users\Mr_95\.gradle\wrapper\dists\gradle-4.6-all\bcst21l2brirad8k2ben1letg\gradle-4.6\lib\gradle-launcher-4.6.jar
Launcher Type: SUN_STANDARD

Environment Variables:
PATH=C:\Program Files (x86)\Intel\Intel(R) Management Engine Components\iCLS\;C:\Program Files\Intel\Intel(R) Management Engine Components\iCLS\;C:\WINDOWS\system32;C:\WINDOWS;C:\WINDOWS\System32\Wbem;C:\WINDOWS\System32\WindowsPowerShell\v1.0\;C:\WINDOWS\System32\OpenSSH\;C:\Program Files (x86)\Intel\Intel(R) Management Engine Components\DAL;C:\Program Files\Intel\Intel(R) Management Engine Components\DAL;C:\Program Files (x86)\Intel\Intel(R) Management Engine Components\IPT;C:\Program Files\Intel\Intel(R) Management Engine Components\IPT;C:\Program Files (x86)\NVIDIA Corporation\PhysX\Common;C:\WINDOWS\system32;C:\WINDOWS;C:\WINDOWS\System32\Wbem;C:\WINDOWS\System32\WindowsPowerShell\v1.0\;C:\WINDOWS\System32\OpenSSH\;C:\Program Files\Intel\WiFi\bin\;C:\Program Files\Common Files\Intel\WirelessCommon\;C:\Program Files\Git\cmd;C:\Users\Mr_95\AppData\Local\Microsoft\WindowsApps;C:\Program Files\Intel\WiFi\bin\;C:\Program Files\Common Files\Intel\WirelessCommon\;
USERNAME=Mr_95
OS=Windows_NT
PROCESSOR_IDENTIFIER=Intel64 Family 6 Model 142 Stepping 9, GenuineIntel



---------------  S Y S T E M  ---------------

OS: Windows 10.0 , 64 bit Build 17763 (10.0.17763.1)

CPU:total 4 (initial active 4) (2 cores per cpu, 2 threads per core) family 6 model 142 stepping 9, cmov, cx8, fxsr, mmx, sse, sse2, sse3, ssse3, sse4.1, sse4.2, popcnt, avx, avx2, aes, clmul, erms, 3dnowpref, lzcnt, ht, tsc, tscinvbit, bmi1, bmi2, adx

Memory: 4k page, physical 8281288k(824124k free), swap 10378440k(4516k free)

vm_info: OpenJDK 64-Bit Server VM (25.152-b06) for windows-amd64 JRE (1.8.0_152-release-1136-b06), built by "builder" with MS VC++ 10.0 (VS2010)

time: Mon Nov 05 19:49:46 2018
elapsed time: 5429 seconds (0d 1h 30m 29s)

